0 info it worked if it ends with ok
1 verbose cli [ '/usr/local/bin/node',
1 verbose cli   '/usr/local/bin/npm',
1 verbose cli   'install',
1 verbose cli   '-g',
1 verbose cli   'oauth2-server' ]
2 info using npm@3.10.10
3 info using node@v6.9.4
4 silly loadCurrentTree Starting
5 silly install loadCurrentTree
6 silly install readGlobalPackageData
7 silly fetchPackageMetaData oauth2-server
8 silly fetchNamedPackageData oauth2-server
9 silly mapToRegistry name oauth2-server
10 silly mapToRegistry using default registry
11 silly mapToRegistry registry https://registry.npmjs.org/
12 silly mapToRegistry data Result {
12 silly mapToRegistry   raw: 'oauth2-server',
12 silly mapToRegistry   scope: null,
12 silly mapToRegistry   escapedName: 'oauth2-server',
12 silly mapToRegistry   name: 'oauth2-server',
12 silly mapToRegistry   rawSpec: '',
12 silly mapToRegistry   spec: 'latest',
12 silly mapToRegistry   type: 'tag' }
13 silly mapToRegistry uri https://registry.npmjs.org/oauth2-server
14 verbose request uri https://registry.npmjs.org/oauth2-server
15 verbose request no auth needed
16 info attempt registry request try #1 at 4:41:14 PM
17 verbose request id 5661360ff56f4c13
18 http request GET https://registry.npmjs.org/oauth2-server
19 http 200 https://registry.npmjs.org/oauth2-server
20 verbose headers { server: 'nginx/1.10.1',
20 verbose headers   'content-type': 'application/json',
20 verbose headers   'last-modified': 'Fri, 24 Mar 2017 14:45:59 GMT',
20 verbose headers   etag: 'W/"58d53127-48ea"',
20 verbose headers   'content-encoding': 'gzip',
20 verbose headers   'cache-control': 'max-age=300',
20 verbose headers   'content-length': '3933',
20 verbose headers   'accept-ranges': 'bytes',
20 verbose headers   date: 'Wed, 29 Mar 2017 20:42:18 GMT',
20 verbose headers   via: '1.1 varnish',
20 verbose headers   age: '0',
20 verbose headers   connection: 'keep-alive',
20 verbose headers   'x-served-by': 'cache-mia1327-MIA',
20 verbose headers   'x-cache': 'MISS',
20 verbose headers   'x-cache-hits': '0',
20 verbose headers   'x-timer': 'S1490820138.610931,VS0,VE168',
20 verbose headers   vary: 'Accept-Encoding' }
21 silly get cb [ 200,
21 silly get   { server: 'nginx/1.10.1',
21 silly get     'content-type': 'application/json',
21 silly get     'last-modified': 'Fri, 24 Mar 2017 14:45:59 GMT',
21 silly get     etag: 'W/"58d53127-48ea"',
21 silly get     'content-encoding': 'gzip',
21 silly get     'cache-control': 'max-age=300',
21 silly get     'content-length': '3933',
21 silly get     'accept-ranges': 'bytes',
21 silly get     date: 'Wed, 29 Mar 2017 20:42:18 GMT',
21 silly get     via: '1.1 varnish',
21 silly get     age: '0',
21 silly get     connection: 'keep-alive',
21 silly get     'x-served-by': 'cache-mia1327-MIA',
21 silly get     'x-cache': 'MISS',
21 silly get     'x-cache-hits': '0',
21 silly get     'x-timer': 'S1490820138.610931,VS0,VE168',
21 silly get     vary: 'Accept-Encoding' } ]
22 verbose get saving oauth2-server to /home/lcarrasco/.npm/registry.npmjs.org/oauth2-server/.cache.json
23 verbose correctMkdir /home/lcarrasco/.npm correctMkdir not in flight; initializing
24 silly install normalizeTree
25 silly loadCurrentTree Finishing
26 silly loadIdealTree Starting
27 silly install loadIdealTree
28 silly cloneCurrentTree Starting
29 silly install cloneCurrentTreeToIdealTree
30 silly cloneCurrentTree Finishing
31 silly loadShrinkwrap Starting
32 silly install loadShrinkwrap
33 silly loadShrinkwrap Finishing
34 silly loadAllDepsIntoIdealTree Starting
35 silly install loadAllDepsIntoIdealTree
36 silly resolveWithNewModule oauth2-server@2.4.1 checking installable status
37 silly cache add args [ 'oauth2-server', null ]
38 verbose cache add spec oauth2-server
39 silly cache add parsed spec Result {
39 silly cache add   raw: 'oauth2-server',
39 silly cache add   scope: null,
39 silly cache add   escapedName: 'oauth2-server',
39 silly cache add   name: 'oauth2-server',
39 silly cache add   rawSpec: '',
39 silly cache add   spec: 'latest',
39 silly cache add   type: 'tag' }
40 silly addNamed oauth2-server@latest
41 verbose addNamed "latest" is being treated as a dist-tag for oauth2-server
42 info addNameTag [ 'oauth2-server', 'latest' ]
43 silly mapToRegistry name oauth2-server
44 silly mapToRegistry using default registry
45 silly mapToRegistry registry https://registry.npmjs.org/
46 silly mapToRegistry data Result {
46 silly mapToRegistry   raw: 'oauth2-server',
46 silly mapToRegistry   scope: null,
46 silly mapToRegistry   escapedName: 'oauth2-server',
46 silly mapToRegistry   name: 'oauth2-server',
46 silly mapToRegistry   rawSpec: '',
46 silly mapToRegistry   spec: 'latest',
46 silly mapToRegistry   type: 'tag' }
47 silly mapToRegistry uri https://registry.npmjs.org/oauth2-server
48 verbose addNameTag registry:https://registry.npmjs.org/oauth2-server not in flight; fetching
49 verbose get https://registry.npmjs.org/oauth2-server not expired, no request
50 silly addNameTag next cb for oauth2-server with tag latest
51 silly addNamed oauth2-server@2.4.1
52 verbose addNamed "2.4.1" is a plain semver version for oauth2-server
53 silly mapToRegistry name oauth2-server
54 silly mapToRegistry using default registry
55 silly mapToRegistry registry https://registry.npmjs.org/
56 silly mapToRegistry data Result {
56 silly mapToRegistry   raw: 'oauth2-server',
56 silly mapToRegistry   scope: null,
56 silly mapToRegistry   escapedName: 'oauth2-server',
56 silly mapToRegistry   name: 'oauth2-server',
56 silly mapToRegistry   rawSpec: '',
56 silly mapToRegistry   spec: 'latest',
56 silly mapToRegistry   type: 'tag' }
57 silly mapToRegistry uri https://registry.npmjs.org/oauth2-server
58 verbose addRemoteTarball https://registry.npmjs.org/oauth2-server/-/oauth2-server-2.4.1.tgz not in flight; adding
59 verbose addRemoteTarball [ 'https://registry.npmjs.org/oauth2-server/-/oauth2-server-2.4.1.tgz',
59 verbose addRemoteTarball   'da6dd054c021ec9c29439f5d1a28de63d02b716c' ]
60 info retry fetch attempt 1 at 4:41:15 PM
61 info attempt registry request try #1 at 4:41:15 PM
62 http fetch GET https://registry.npmjs.org/oauth2-server/-/oauth2-server-2.4.1.tgz
63 http fetch 200 https://registry.npmjs.org/oauth2-server/-/oauth2-server-2.4.1.tgz
64 silly fetchAndShaCheck shasum da6dd054c021ec9c29439f5d1a28de63d02b716c
65 verbose addTmpTarball /tmp/npm-14516-e0b67f95/registry.npmjs.org/oauth2-server/-/oauth2-server-2.4.1.tgz not in flight; adding
66 verbose addTmpTarball already have metadata; skipping unpack for oauth2-server@2.4.1
67 verbose correctMkdir /home/lcarrasco/.npm correctMkdir not in flight; initializing
68 silly cache afterAdd oauth2-server@2.4.1
69 verbose afterAdd /home/lcarrasco/.npm/oauth2-server/2.4.1/package/package.json not in flight; writing
70 verbose correctMkdir /home/lcarrasco/.npm correctMkdir not in flight; initializing
71 verbose afterAdd /home/lcarrasco/.npm/oauth2-server/2.4.1/package/package.json written
72 silly fetchNamedPackageData basic-auth
73 silly mapToRegistry name basic-auth
74 silly mapToRegistry using default registry
75 silly mapToRegistry registry https://registry.npmjs.org/
76 silly mapToRegistry data Result {
76 silly mapToRegistry   raw: 'basic-auth',
76 silly mapToRegistry   scope: null,
76 silly mapToRegistry   escapedName: 'basic-auth',
76 silly mapToRegistry   name: 'basic-auth',
76 silly mapToRegistry   rawSpec: '',
76 silly mapToRegistry   spec: 'latest',
76 silly mapToRegistry   type: 'tag' }
77 silly mapToRegistry uri https://registry.npmjs.org/basic-auth
78 verbose request uri https://registry.npmjs.org/basic-auth
79 verbose request no auth needed
80 info attempt registry request try #1 at 4:41:16 PM
81 verbose etag W/"58d5a443-35c3"
82 verbose lastModified Fri, 24 Mar 2017 22:57:07 GMT
83 http request GET https://registry.npmjs.org/basic-auth
84 http 304 https://registry.npmjs.org/basic-auth
85 verbose headers { date: 'Wed, 29 Mar 2017 20:42:19 GMT',
85 verbose headers   via: '1.1 varnish',
85 verbose headers   'cache-control': 'max-age=300',
85 verbose headers   etag: 'W/"58d5a443-35c3"',
85 verbose headers   age: '70',
85 verbose headers   connection: 'keep-alive',
85 verbose headers   'x-served-by': 'cache-mia1327-MIA',
85 verbose headers   'x-cache': 'HIT',
85 verbose headers   'x-cache-hits': '6',
85 verbose headers   'x-timer': 'S1490820139.801236,VS0,VE0',
85 verbose headers   vary: 'Accept-Encoding' }
86 silly get cb [ 304,
86 silly get   { date: 'Wed, 29 Mar 2017 20:42:19 GMT',
86 silly get     via: '1.1 varnish',
86 silly get     'cache-control': 'max-age=300',
86 silly get     etag: 'W/"58d5a443-35c3"',
86 silly get     age: '70',
86 silly get     connection: 'keep-alive',
86 silly get     'x-served-by': 'cache-mia1327-MIA',
86 silly get     'x-cache': 'HIT',
86 silly get     'x-cache-hits': '6',
86 silly get     'x-timer': 'S1490820139.801236,VS0,VE0',
86 silly get     vary: 'Accept-Encoding' } ]
87 verbose etag https://registry.npmjs.org/basic-auth from cache
88 verbose get saving basic-auth to /home/lcarrasco/.npm/registry.npmjs.org/basic-auth/.cache.json
89 verbose correctMkdir /home/lcarrasco/.npm correctMkdir not in flight; initializing
90 silly resolveWithNewModule basic-auth@0.0.1 checking installable status
91 silly cache add args [ 'basic-auth@~0.0.1', null ]
92 verbose cache add spec basic-auth@~0.0.1
93 silly cache add parsed spec Result {
93 silly cache add   raw: 'basic-auth@~0.0.1',
93 silly cache add   scope: null,
93 silly cache add   escapedName: 'basic-auth',
93 silly cache add   name: 'basic-auth',
93 silly cache add   rawSpec: '~0.0.1',
93 silly cache add   spec: '>=0.0.1 <0.1.0',
93 silly cache add   type: 'range' }
94 silly addNamed basic-auth@>=0.0.1 <0.1.0
95 verbose addNamed ">=0.0.1 <0.1.0" is a valid semver range for basic-auth
96 silly addNameRange { name: 'basic-auth', range: '>=0.0.1 <0.1.0', hasData: false }
97 silly mapToRegistry name basic-auth
98 silly mapToRegistry using default registry
99 silly mapToRegistry registry https://registry.npmjs.org/
100 silly mapToRegistry data Result {
100 silly mapToRegistry   raw: 'basic-auth',
100 silly mapToRegistry   scope: null,
100 silly mapToRegistry   escapedName: 'basic-auth',
100 silly mapToRegistry   name: 'basic-auth',
100 silly mapToRegistry   rawSpec: '',
100 silly mapToRegistry   spec: 'latest',
100 silly mapToRegistry   type: 'tag' }
101 silly mapToRegistry uri https://registry.npmjs.org/basic-auth
102 verbose addNameRange registry:https://registry.npmjs.org/basic-auth not in flight; fetching
103 verbose get https://registry.npmjs.org/basic-auth not expired, no request
104 silly addNameRange number 2 { name: 'basic-auth', range: '>=0.0.1 <0.1.0', hasData: true }
105 silly addNameRange versions [ 'basic-auth',
105 silly addNameRange   [ '0.0.1', '1.0.0', '1.0.1', '1.0.2', '1.0.3', '1.0.4', '1.1.0' ] ]
106 silly addNamed basic-auth@0.0.1
107 verbose addNamed "0.0.1" is a plain semver version for basic-auth
108 silly cache afterAdd basic-auth@0.0.1
109 verbose afterAdd /home/lcarrasco/.npm/basic-auth/0.0.1/package/package.json not in flight; writing
110 verbose correctMkdir /home/lcarrasco/.npm correctMkdir not in flight; initializing
111 verbose afterAdd /home/lcarrasco/.npm/basic-auth/0.0.1/package/package.json written
112 silly loadAllDepsIntoIdealTree Finishing
113 silly loadIdealTree Finishing
114 silly currentTree lib
115 silly idealTree lib
115 silly idealTree └─┬ oauth2-server@2.4.1
115 silly idealTree   └── basic-auth@0.0.1
116 silly generateActionsToTake Starting
117 silly install generateActionsToTake
118 warn checkPermissions Missing write access to /usr/local/lib/node_modules
119 silly rollbackFailedOptional Starting
120 silly rollbackFailedOptional Finishing
121 silly runTopLevelLifecycles Finishing
122 silly install printInstalled
123 verbose stack Error: EACCES: permission denied, access '/usr/local/lib/node_modules'
123 verbose stack     at Error (native)
124 verbose cwd /home/lcarrasco/public_html/workspaceEntrenamiento/entrenamiento_lcarrasco/back/generator-nodejs-api/src
125 error Linux 2.6.32-504.30.3.el6.x86_64
126 error argv "/usr/local/bin/node" "/usr/local/bin/npm" "install" "-g" "oauth2-server"
127 error node v6.9.4
128 error npm  v3.10.10
129 error path /usr/local/lib/node_modules
130 error code EACCES
131 error errno -13
132 error syscall access
133 error Error: EACCES: permission denied, access '/usr/local/lib/node_modules'
133 error     at Error (native)
133 error  { Error: EACCES: permission denied, access '/usr/local/lib/node_modules'
133 error     at Error (native)
133 error   errno: -13,
133 error   code: 'EACCES',
133 error   syscall: 'access',
133 error   path: '/usr/local/lib/node_modules' }
134 error Please try running this command again as root/Administrator.
135 verbose exit [ -13, true ]
